com.cmartin.learn:fp-in-scala_2.13:1.0.0-SNAPSHOT
org.scalaz:scalaz-core_2.13:7.2.28
org.typelevel:cats-core_2.13:2.0.0
org.typelevel:cats-kernel_2.13:2.0.0
org.typelevel:cats-macros_2.13:2.0.0
ch.qos.logback:logback-classic:1.2.3
ch.qos.logback:logback-core:1.2.3
com.cmartin.learn:akka-http-webserver_2.13:1.0.0-SNAPSHOT
com.typesafe:config:1.3.3
com.typesafe:ssl-config-core_2.13:0.3.8
com.typesafe.akka:akka-actor_2.13:2.5.25
com.typesafe.akka:akka-http-core_2.13:10.1.10
com.typesafe.akka:akka-http-spray-json_2.13:10.1.10
com.typesafe.akka:akka-http_2.13:10.1.10
com.typesafe.akka:akka-parsing_2.13:10.1.10
com.typesafe.akka:akka-protobuf_2.13:2.5.25
com.typesafe.akka:akka-stream_2.13:2.5.25
com.typesafe.scala-logging:scala-logging_2.13:3.9.2
io.spray:spray-json_2.13:1.3.5
org.reactivestreams:reactive-streams:1.0.2
org.scala-lang:scala-reflect:2.13.1
org.scala-lang.modules:scala-java8-compat_2.13:0.9.0
org.scala-lang.modules:scala-parser-combinators_2.13:1.1.2
org.slf4j:slf4j-api:1.7.26
ch.qos.logback:logback-classic:1.2.3
ch.qos.logback:logback-core:1.2.3
com.cmartin.learn:dtogen_2.13:1.0.0-SNAPSHOT
com.typesafe.scala-logging:scala-logging_2.13:3.9.2
org.scala-lang:scala-reflect:2.13.1
org.slf4j:slf4j-api:1.7.26
com.cmartin.learn:scalazlearn_2.13:1.0.0-SNAPSHOT
org.scalaz:scalaz-core_2.13:7.2.28
ch.qos.logback:logback-classic:1.2.3
ch.qos.logback:logback-core:1.2.3
com.cmartin.learn:json4s-utils_2.13:1.0.0-SNAPSHOT
com.thoughtworks.paranamer:paranamer:2.8
com.typesafe.scala-logging:scala-logging_2.13:3.9.2
org.json4s:json4s-ast_2.13:3.6.7
org.json4s:json4s-core_2.13:3.6.7
org.json4s:json4s-native_2.13:3.6.7
org.json4s:json4s-scalap_2.13:3.6.7
org.scala-lang:scala-reflect:2.13.1
org.slf4j:slf4j-api:1.7.26
com.cmartin.learn:akka-http-webclient_2.13:1.0.0-SNAPSHOT
com.typesafe:config:1.3.3
com.typesafe:ssl-config-core_2.13:0.3.8
com.typesafe.akka:akka-actor_2.13:2.5.25
com.typesafe.akka:akka-http-core_2.13:10.1.10
com.typesafe.akka:akka-http-spray-json_2.13:10.1.10
com.typesafe.akka:akka-http_2.13:10.1.10
com.typesafe.akka:akka-parsing_2.13:10.1.10
com.typesafe.akka:akka-protobuf_2.13:2.5.25
com.typesafe.akka:akka-stream_2.13:2.5.25
io.spray:spray-json_2.13:1.3.5
org.reactivestreams:reactive-streams:1.0.2
org.scala-lang.modules:scala-java8-compat_2.13:0.9.0
org.scala-lang.modules:scala-parser-combinators_2.13:1.1.2
com.chuusai:shapeless_2.13:2.3.3
com.cmartin.learn:refined-proof-of-concept_2.13:1.0.0-SNAPSHOT
eu.timepit:refined_2.13:0.9.10
jline:jline:2.14.6
org.fusesource.jansi:jansi:1.12
org.scala-lang:scala-compiler:2.13.1
org.scala-lang:scala-reflect:2.13.1
org.scala-lang.modules:scala-xml_2.13:1.2.0
ch.qos.logback:logback-classic:1.2.3
ch.qos.logback:logback-core:1.2.3
com.cmartin.learn:common_2.13:1.0.0-SNAPSHOT
org.slf4j:slf4j-api:1.7.25
default:scala_2.13:0.1.0-SNAPSHOT
com.cmartin.learn:personal-calendar_2.13:1.0.0-SNAPSHOT
org.scalaz:scalaz-core_2.13:7.2.28
ch.qos.logback:logback-classic:1.2.3
ch.qos.logback:logback-core:1.2.3
com.cmartin.learn:typeclasses_2.13:1.0.0-SNAPSHOT
com.typesafe.scala-logging:scala-logging_2.13:3.9.2
org.scala-lang:scala-reflect:2.13.1
org.slf4j:slf4j-api:1.7.26
ch.qos.logback:logback-classic:1.2.3
ch.qos.logback:logback-core:1.2.3
com.cmartin.learn:akka-actors-proof-of-concept_2.13:1.0.0-SNAPSHOT
com.typesafe:config:1.3.3
com.typesafe:ssl-config-core_2.13:0.3.8
com.typesafe.akka:akka-actor_2.13:2.5.25
com.typesafe.akka:akka-protobuf_2.13:2.5.25
com.typesafe.akka:akka-stream_2.13:2.5.25
org.reactivestreams:reactive-streams:1.0.2
org.scala-lang.modules:scala-java8-compat_2.13:0.9.0
org.scala-lang.modules:scala-parser-combinators_2.13:1.1.2
org.slf4j:slf4j-api:1.7.25
com.cmartin.learn:hktypes_2.13:1.0.0-SNAPSHOT
org.scalaz:scalaz-core_2.13:7.2.28
org.typelevel:cats-core_2.13:2.0.0
org.typelevel:cats-free_2.13:2.0.0
org.typelevel:cats-kernel_2.13:2.0.0
org.typelevel:cats-macros_2.13:2.0.0
ch.qos.logback:logback-classic:1.2.3
ch.qos.logback:logback-core:1.2.3
com.cmartin.learn:akka-actors-typed-poc_2.13:1.0.0-SNAPSHOT
com.typesafe:config:1.3.3
com.typesafe:ssl-config-core_2.13:0.3.8
com.typesafe.akka:akka-actor-typed_2.13:2.5.25
com.typesafe.akka:akka-actor_2.13:2.5.25
com.typesafe.akka:akka-http-core_2.13:10.1.10
com.typesafe.akka:akka-http_2.13:10.1.10
com.typesafe.akka:akka-parsing_2.13:10.1.10
com.typesafe.akka:akka-protobuf_2.13:2.5.25
com.typesafe.akka:akka-stream-typed_2.13:2.5.25
com.typesafe.akka:akka-stream_2.13:2.5.25
org.reactivestreams:reactive-streams:1.0.2
org.scala-lang.modules:scala-java8-compat_2.13:0.9.0
org.scala-lang.modules:scala-parser-combinators_2.13:1.1.2
org.slf4j:slf4j-api:1.7.25
ch.qos.logback:logback-classic:1.2.3
ch.qos.logback:logback-core:1.2.3
com.cmartin.learn:kafka-producer-consumer_2.13:1.0.0-SNAPSHOT
com.github.luben:zstd-jni:1.4.0-1
com.typesafe:config:1.3.4
com.typesafe.scala-logging:scala-logging_2.13:3.9.2
org.apache.kafka:kafka-clients:2.3.0
org.lz4:lz4-java:1.6.0
org.scala-lang:scala-reflect:2.13.1
org.slf4j:slf4j-api:1.7.26
org.xerial.snappy:snappy-java:1.1.7.3
ch.qos.logback:logback-classic:1.2.3
ch.qos.logback:logback-core:1.2.3
com.chuusai:shapeless_2.13:2.3.3
com.cmartin.learn:depanalyzer_2.13:1.0.0-SNAPSHOT
com.softwaremill.sttp:akka-http-backend_2.13:1.7.1
com.softwaremill.sttp:async-http-client-backend-zio_2.13:1.7.1
com.softwaremill.sttp:async-http-client-backend_2.13:1.7.1
com.softwaremill.sttp:core_2.13:1.7.1
com.softwaremill.sttp:json-common_2.13:1.7.1
com.softwaremill.sttp:json4s_2.13:1.7.1
com.softwaremill.sttp:zio_2.13:1.7.1
com.sun.activation:javax.activation:1.2.0
com.thoughtworks.paranamer:paranamer:2.8
com.typesafe:config:1.3.3
com.typesafe:ssl-config-core_2.13:0.3.8
com.typesafe.akka:akka-actor_2.13:2.5.25
com.typesafe.akka:akka-http-core_2.13:10.1.10
com.typesafe.akka:akka-http_2.13:10.1.10
com.typesafe.akka:akka-parsing_2.13:10.1.10
com.typesafe.akka:akka-protobuf_2.13:2.5.25
com.typesafe.akka:akka-stream_2.13:2.5.25
com.typesafe.netty:netty-reactive-streams:2.0.3
dev.zio:zio-stacktracer_2.13:1.0.0-RC14
dev.zio:zio_2.13:1.0.0-RC14
io.circe:circe-core_2.13:0.12.2
io.circe:circe-generic_2.13:0.12.2
io.circe:circe-jawn_2.13:0.12.2
io.circe:circe-numbers_2.13:0.12.2
io.circe:circe-parser_2.13:0.12.2
io.netty:netty-buffer:4.1.42.Final
io.netty:netty-codec:4.1.42.Final
io.netty:netty-codec-dns:4.1.42.Final
io.netty:netty-codec-http:4.1.42.Final
io.netty:netty-codec-socks:4.1.42.Final
io.netty:netty-common:4.1.42.Final
io.netty:netty-handler:4.1.42.Final
io.netty:netty-handler-proxy:4.1.42.Final
io.netty:netty-resolver:4.1.42.Final
io.netty:netty-resolver-dns:4.1.42.Final
io.netty:netty-transport:4.1.42.Final
org.asynchttpclient:async-http-client:2.10.3
org.asynchttpclient:async-http-client-netty-utils:2.10.3
org.json4s:json4s-ast_2.13:3.6.7
org.json4s:json4s-core_2.13:3.6.7
org.json4s:json4s-native_2.13:3.6.7
org.json4s:json4s-scalap_2.13:3.6.7
org.reactivestreams:reactive-streams:1.0.2
org.scala-lang.modules:scala-java8-compat_2.13:0.9.0
org.scala-lang.modules:scala-parser-combinators_2.13:1.1.2
org.slf4j:slf4j-api:1.7.26
org.typelevel:cats-core_2.13:2.0.0
org.typelevel:cats-kernel_2.13:2.0.0
org.typelevel:cats-macros_2.13:2.0.0
org.typelevel:jawn-parser_2.13:0.14.2
