com.globalavl.hiber.services:event-seed_2.13:1.0.0-SNAPSHOT
com.geirsson:metaconfig-typesafe-config_2.13:0.9.4
com.globalavl.hiber.services:docs_2.13:1.0.0-SNAPSHOT
com.google.protobuf:protobuf-java:3.7.1
com.googlecode.java-diff-utils:diffutils:1.3.0
com.lihaoyi:fansi_2.13:0.2.7
com.lihaoyi:fastparse_2.13:2.1.3
com.lihaoyi:pprint_2.13:0.5.5
com.lihaoyi:sourcecode_2.13:0.1.7
org.scala-lang:scala-reflect:2.13.1
org.scala-lang:scalap:2.13.1
org.scala-lang.modules:scala-collection-compat_2.13:2.1.2
org.scala-lang.modules:scala-xml_2.13:1.2.0
org.scalatest:scalatest_2.13:3.0.8
org.slf4j:slf4j-api:1.8.0-beta2
org.slf4j:slf4j-nop:1.8.0-beta2
org.typelevel:paiges-core_2.13:0.2.4
com.fasterxml.jackson.core:jackson-annotations:2.9.0
com.fasterxml.jackson.core:jackson-core:2.9.10
com.fasterxml.jackson.core:jackson-databind:2.9.9.3
com.fasterxml.jackson.dataformat:jackson-dataformat-yaml:2.9.9
com.github.luben:zstd-jni:1.3.7-1
com.globalavl.core:flatblup_2.13:1.0.1-SNAPSHOT
com.globalavl.core:json-sql_2.13:1.0.1-SNAPSHOT
com.globalavl.hiber.commons:hiber-relational-repository_2.13:1.0.2-SNAPSHOT
com.globalavl.hiber.commons:hiber-utils_2.13:1.0.0-SNAPSHOT
com.globalavl.hiber.services:event-seed-service_2.13:1.0.0-SNAPSHOT
com.softwaremill.sttp:core_2.13:1.6.7
com.softwaremill.tapir:tapir-core_2.13:0.11.5
com.typesafe:config:1.3.3
com.typesafe:ssl-config-core_2.13:0.4.0
com.typesafe.akka:akka-actor_2.13:2.5.25
com.typesafe.akka:akka-http-core_2.13:10.1.10
com.typesafe.akka:akka-http_2.13:10.1.10