com.globalavl.hiber.services:event-seed_2.13:1.0.0-SNAPSHOT
com.geirsson:metaconfig-core_2.13:0.9.4
com.geirsson:metaconfig-typesafe-config_2.13:0.9.4
com.globalavl.hiber.services:docs_2.13:1.0.0-SNAPSHOT
com.google.protobuf:protobuf-java:3.7.1
com.googlecode.java-diff-utils:diffutils:1.3.0
com.ibm.icu:icu4j:59.1
com.lihaoyi:fansi_2.13:0.2.7
com.lihaoyi:fastparse_2.13:2.1.3
com.lihaoyi:pprint_2.13:0.5.5
com.lihaoyi:sourcecode_2.13:0.1.7
com.openhtmltopdf:openhtmltopdf-core:0.0.1-RC13
com.openhtmltopdf:openhtmltopdf-jsoup-dom-converter:0.0.1-RC13
com.openhtmltopdf:openhtmltopdf-pdfbox:0.0.1-RC13
com.openhtmltopdf:openhtmltopdf-rtl-support:0.0.1-RC13
com.thesamet.scalapb:lenses_2.13:0.9.0
com.thesamet.scalapb:scalapb-runtime_2.13:0.9.0
com.typesafe:config:1.2.1
com.vladsch.flexmark$$$:flexmark:0.40.4
com.vladsch.flexmark%%%:flexmark-all:0.40.4
commons-logging:commons-logging:1.2
de.rototor.pdfbox:graphics2d:0.12
io.methvin:directory-watcher:0.8.0
io.undertow:undertow-core:2.0.13.Final
jline:jline:2.14.6
me.xdrop:fuzzywuzzy:1.1.10
net.java.dev.jna:jna:4.2.1
org.apache.pdfbox:fontbox:2.0.8
org.apache.pdfbox:pdfbox:2.0.8
org.apache.pdfbox:xmpbox:2.0.8
org.fusesource.jansi:jansi:1.12
org.jboss.logging:jboss-logging:3.3.2.Final
org.jboss.threads:jboss-threads:2.3.0.Beta2
org.jboss.xnio:xnio-api:3.6.5.Final
org.jboss.xnio:xnio-nio:3.6.5.Final
org.jsoup:jsoup:1.10.2
org.nibor.autolink:autolink:0.6.0
org.scala-lang:scala-compiler:2.13.1
org.scala-lang:scala-reflect:2.13.1
org.scala-lang:scalap:2.13.1
org.scala-lang.modules:scala-collection-compat_2.13:2.1.2
org.scala-lang.modules:scala-xml_2.13:1.2.0
org.scalactic:scalactic_2.13:3.0.8
org.scalameta:common_2.13:4.2.2
org.scalameta:fastparse-utils_2.13:1.0.1
org.scalameta:fastparse_2.13:1.0.1
org.scalameta:mdoc-runtime_2.13:1.3.2
org.scalameta:mdoc_2.13:1.3.2
org.scalameta:parsers_2.13:4.2.2
org.scalameta:scalameta_2.13:4.2.2
org.scalameta:trees_2.13:4.2.2
org.scalatest:scalatest_2.13:3.0.8
org.slf4j:slf4j-api:1.8.0-beta2
org.slf4j:slf4j-nop:1.8.0-beta2
org.typelevel:paiges-core_2.13:0.2.4
org.wildfly.client:wildfly-client-config:1.0.0.Final
org.wildfly.common:wildfly-common:1.3.0.Final
ch.qos.logback:logback-classic:1.2.3
ch.qos.logback:logback-core:1.2.3
co.elastic.apm:apm-agent-api:1.9.0
com.chuusai:shapeless_2.13:2.3.3
com.esri.geometry:esri-geometry-api:2.2.0
com.fasterxml.jackson.core:jackson-annotations:2.9.0
com.fasterxml.jackson.core:jackson-core:2.9.10
com.fasterxml.jackson.core:jackson-databind:2.9.9.3
com.fasterxml.jackson.dataformat:jackson-dataformat-yaml:2.9.9
com.github.dnvriend:akka-persistence-jdbc_2.13:3.5.2
com.github.luben:zstd-jni:1.3.7-1
com.globalavl.core:flatblup_2.13:1.0.1-SNAPSHOT
com.globalavl.core:json-sql_2.13:1.0.1-SNAPSHOT
com.globalavl.hiber.commons:hiber-relational-repository_2.13:1.0.2-SNAPSHOT
com.globalavl.hiber.commons:hiber-utils_2.13:1.0.0-SNAPSHOT
com.globalavl.hiber.services:event-seed-service_2.13:1.0.0-SNAPSHOT
com.google.guava:guava:19.0
com.google.protobuf:protobuf-java:3.6.1
com.jayway.jsonpath:json-path:2.4.0
com.lightbend.akka:akka-stream-alpakka-slick_2.13:1.1.1
com.propensive:magnolia_2.13:0.12.0
com.propensive:mercator_2.13:0.2.1
com.softwaremill.sttp:core_2.13:1.6.7
com.softwaremill.tapir:tapir-akka-http-server_2.13:0.11.5
com.softwaremill.tapir:tapir-core_2.13:0.11.5
com.softwaremill.tapir:tapir-json-circe_2.13:0.11.5
com.softwaremill.tapir:tapir-openapi-circe-yaml_2.13:0.11.5
com.softwaremill.tapir:tapir-openapi-circe_2.13:0.11.5
com.softwaremill.tapir:tapir-openapi-docs_2.13:0.11.5
com.softwaremill.tapir:tapir-openapi-model_2.13:0.11.5
com.softwaremill.tapir:tapir-sttp-client_2.13:0.11.5
com.softwaremill.tapir:tapir-swagger-ui-akka-http_2.13:0.11.5
com.thoughtworks.paranamer:paranamer:2.8
com.typesafe:config:1.3.3
com.typesafe:ssl-config-core_2.13:0.4.0
com.typesafe.akka:akka-actor-testkit-typed_2.13:2.5.25
com.typesafe.akka:akka-actor-typed_2.13:2.5.25
com.typesafe.akka:akka-actor_2.13:2.5.25
com.typesafe.akka:akka-http-core_2.13:10.1.10
com.typesafe.akka:akka-http_2.13:10.1.10
com.typesafe.akka:akka-parsing_2.13:10.1.10
com.typesafe.akka:akka-persistence-query_2.13:2.5.23
com.typesafe.akka:akka-persistence-typed_2.13:2.5.25
com.typesafe.akka:akka-persistence_2.13:2.5.25
com.typesafe.akka:akka-protobuf_2.13:2.5.25
com.typesafe.akka:akka-slf4j_2.13:2.5.25
com.typesafe.akka:akka-stream-kafka_2.13:1.1.0
com.typesafe.akka:akka-stream-typed_2.13:2.5.25
com.typesafe.akka:akka-stream_2.13:2.5.25
com.typesafe.akka:akka-testkit_2.13:2.5.25
com.typesafe.slick:slick-hikaricp_2.13:3.3.2
com.typesafe.slick:slick_2.13:3.3.2
com.yahoo.datasketches:memory:0.9.0
com.yahoo.datasketches:sketches-core:0.9.0
com.zaxxer:HikariCP:3.2.0
commons-lang:commons-lang:2.4
commons-logging:commons-logging:1.2
io.circe:circe-core_2.13:0.12.2
io.circe:circe-generic_2.13:0.12.2
io.circe:circe-jawn_2.13:0.12.2
io.circe:circe-numbers_2.13:0.12.2
io.circe:circe-parser_2.13:0.12.2
io.circe:circe-yaml_2.13:0.11.0-M1
jline:jline:2.14.6
joda-time:joda-time:2.10.1
net.hydromatic:aggdesigner-algorithm:6.0
net.logstash.logback:logstash-logback-encoder:6.2
org.apache.calcite:calcite-core:1.21.0
org.apache.calcite:calcite-linq4j:1.21.0
org.apache.calcite.avatica:avatica-core:1.15.0
org.apache.calcite.avatica:avatica-metrics:1.15.0
org.apache.commons:commons-dbcp2:2.6.0
org.apache.commons:commons-lang3:3.8
org.apache.commons:commons-pool2:2.6.1
org.apache.httpcomponents:httpclient:4.5.6
org.apache.httpcomponents:httpcore:4.4.10
org.apache.kafka:kafka-clients:2.1.1
org.aspectj:aspectjrt:1.9.4
org.codehaus.janino:commons-compiler:3.0.11
org.codehaus.janino:janino:3.0.11
org.fusesource.jansi:jansi:1.12
org.joda:joda-convert:2.2.0
org.json4s:json4s-ast_2.13:3.6.7
org.json4s:json4s-core_2.13:3.6.7
org.json4s:json4s-ext_2.13:3.6.7
org.json4s:json4s-native_2.13:3.6.7
org.json4s:json4s-scalap_2.13:3.6.7
org.lz4:lz4-java:1.5.0
org.postgresql:postgresql:42.2.8
org.reactivestreams:reactive-streams:1.0.2
org.scala-lang:scala-compiler:2.13.1
org.scala-lang:scala-reflect:2.13.1
org.scala-lang.modules:scala-collection-compat_2.13:2.1.1
org.scala-lang.modules:scala-java8-compat_2.13:0.9.0
org.scala-lang.modules:scala-parser-combinators_2.13:1.1.2
org.scalikejdbc:scalikejdbc-core_2.13:3.3.5
org.scalikejdbc:scalikejdbc-interpolation-macro_2.13:3.3.5
org.scalikejdbc:scalikejdbc-interpolation_2.13:3.3.5
org.scalikejdbc:scalikejdbc_2.13:3.3.5
org.slf4j:slf4j-api:1.7.25
org.typelevel:cats-core_2.13:2.0.0
org.typelevel:cats-kernel_2.13:2.0.0
org.typelevel:cats-macros_2.13:2.0.0
org.typelevel:jawn-parser_2.13:0.14.2
org.webjars:swagger-ui:3.23.8
org.xerial.snappy:snappy-java:1.1.7.2
org.yaml:snakeyaml:1.24